<?xml version="1.0" encoding="UTF-8"?>
<testsuite xmlns:xsi="http://www.w3.org/2001/XMLSchema-instance" xsi:noNamespaceSchemaLocation="https://maven.apache.org/surefire/maven-surefire-plugin/xsd/surefire-test-report-3.0.xsd" version="3.0" name="runners.TestRunner" time="147.975" tests="12" errors="0" skipped="0" failures="5">
  <properties>
[...]
</properties>
  <testcase name="User can remove items from cart #1" classname="Swag Labs Cart Test Flow" time="33.626">
    <system-out><![CDATA[
@swag_labs @cart_operations
Scenario Outline: User can remove items from cart                         # src/test/resources/features/swag_labs_cart.feature:22
Starting test: User can remove items from cart
Browser: headless-chrome
  Given I am on the Swag Labs login page                                  # steps.LoginSteps.i_am_on_the_swag_labs_login_page()
  Given I login with username "standard_user" and password "secret_sauce" # steps.LoginSteps.i_login_as_given_step(java.lang.String,java.lang.String)
  And I am on the products page                                           # steps.ProductSteps.i_am_on_the_products_page()
  When I add "Sauce Labs Backpack" to cart                                # steps.ProductSteps.i_add_product_to_cart(java.lang.String)
  And I click on the shopping cart                                        # steps.CartSteps.i_click_on_the_shopping_cart()
  Then I should see "Sauce Labs Backpack" in the cart                     # steps.CartSteps.i_should_see_item_in_the_cart(java.lang.String)
  When I remove "Sauce Labs Backpack" from cart                           # steps.CartSteps.i_remove_item_from_cart(java.lang.String)
  Then the cart should be empty                                           # steps.CartSteps.the_cart_should_be_empty()
  And the cart badge should not be visible                                # steps.ProductSteps.the_cart_badge_should_not_be_visible()
Test completed: User can remove items from cart
Status: PASSED
]]></system-out>
    <system-err><![CDATA[SLF4J(W): No SLF4J providers were found.
SLF4J(W): Defaulting to no-operation (NOP) logger implementation
SLF4J(W): See https://www.slf4j.org/codes.html#noProviders for further details.
Aug 30, 2025 4:40:57 AM org.openqa.selenium.devtools.CdpVersionFinder findNearestMatch
WARNING: Unable to find CDP implementation matching 139
Aug 30, 2025 4:40:57 AM org.openqa.selenium.chromium.ChromiumDriver lambda$new$5
WARNING: Unable to find version of CDP to use for 139.0.7258.138. You may need to include a dependency on a specific version of the CDP using something similar to `org.seleniumhq.selenium:selenium-devtools-v86:4.25.0` where the version ("v86") matches the version of the chromium-based browser you're using and the version number of the artifact is the same as Selenium's.
]]></system-err>
  </testcase>
  <testcase name="User can remove items from cart #2" classname="Swag Labs Cart Test Flow" time="27.435">
    <system-out><![CDATA[
@swag_labs @cart_operations
Scenario Outline: User can remove items from cart                         # src/test/resources/features/swag_labs_cart.feature:23
Starting test: User can remove items from cart
Browser: headless-chrome
  Given I am on the Swag Labs login page                                  # steps.LoginSteps.i_am_on_the_swag_labs_login_page()
  Given I login with username "standard_user" and password "secret_sauce" # steps.LoginSteps.i_login_as_given_step(java.lang.String,java.lang.String)
  And I am on the products page                                           # steps.ProductSteps.i_am_on_the_products_page()
  When I add "Sauce Labs Bike Light" to cart                              # steps.ProductSteps.i_add_product_to_cart(java.lang.String)
  And I click on the shopping cart                                        # steps.CartSteps.i_click_on_the_shopping_cart()
  Then I should see "Sauce Labs Bike Light" in the cart                   # steps.CartSteps.i_should_see_item_in_the_cart(java.lang.String)
  When I remove "Sauce Labs Bike Light" from cart                         # steps.CartSteps.i_remove_item_from_cart(java.lang.String)
  Then the cart should be empty                                           # steps.CartSteps.the_cart_should_be_empty()
  And the cart badge should not be visible                                # steps.ProductSteps.the_cart_badge_should_not_be_visible()
Test completed: User can remove items from cart
Status: PASSED
]]></system-out>
    <system-err><![CDATA[Aug 30, 2025 4:41:25 AM org.openqa.selenium.devtools.CdpVersionFinder findNearestMatch
WARNING: Unable to find CDP implementation matching 139
Aug 30, 2025 4:41:25 AM org.openqa.selenium.chromium.ChromiumDriver lambda$new$5
WARNING: Unable to find version of CDP to use for 139.0.7258.138. You may need to include a dependency on a specific version of the CDP using something similar to `org.seleniumhq.selenium:selenium-devtools-v86:4.25.0` where the version ("v86") matches the version of the chromium-based browser you're using and the version number of the artifact is the same as Selenium's.
]]></system-err>
  </testcase>
  <testcase name="User cannot login with invalid credentials" classname="Swag Labs Invalid Login Flow" time="13.59">
    <failure message="Should be redirected to products page after login" type="java.lang.AssertionError"><![CDATA[java.lang.AssertionError: Should be redirected to products page after login
	at org.junit.Assert.fail(Assert.java:89)
	at org.junit.Assert.assertTrue(Assert.java:42)
	at steps.LoginSteps.i_login_as_given_step(LoginSteps.java:29)
	at ✽.I login with username "invalid_user" and password "wrong_password"(file:///Behaviour-Driven-UI-Test/src/test/resources/features/swag_labs_invalidLogin.feature:13)
]]></failure>
    <system-out><![CDATA[
@swag_labs @negative @login @negative_login
Scenario Outline: User cannot login with invalid credentials                                                     # src/test/resources/features/swag_labs_invalidLogin.feature:19
Starting test: User cannot login with invalid credentials
Browser: headless-chrome
  Given I am on the Swag Labs login page                                                                         # steps.LoginSteps.i_am_on_the_swag_labs_login_page()
  When I login with username "invalid_user" and password "wrong_password"                                        # steps.LoginSteps.i_login_as_given_step(java.lang.String,java.lang.String)
      java.lang.AssertionError: Should be redirected to products page after login
	at org.junit.Assert.fail(Assert.java:89)
	at org.junit.Assert.assertTrue(Assert.java:42)
	at steps.LoginSteps.i_login_as_given_step(LoginSteps.java:29)
	at ✽.I login with username "invalid_user" and password "wrong_password"(file:///Behaviour-Driven-UI-Test/src/test/resources/features/swag_labs_invalidLogin.feature:13)

  Then I should see an error message "Epic sadface: Username and password do not match any user in this service" # steps.LoginSteps.i_should_see_an_error_message(java.lang.String)
  And I should remain on the login page                                                                          # steps.LoginSteps.i_should_remain_on_the_login_page()

    Embedding Screenshot [image/png 38939 bytes]

Test completed: User cannot login with invalid credentials
Status: FAILED
]]></system-out>
    <system-err><![CDATA[Aug 30, 2025 4:41:52 AM org.openqa.selenium.devtools.CdpVersionFinder findNearestMatch
WARNING: Unable to find CDP implementation matching 139
Aug 30, 2025 4:41:52 AM org.openqa.selenium.chromium.ChromiumDriver lambda$new$5
WARNING: Unable to find version of CDP to use for 139.0.7258.138. You may need to include a dependency on a specific version of the CDP using something similar to `org.seleniumhq.selenium:selenium-devtools-v86:4.25.0` where the version ("v86") matches the version of the chromium-based browser you're using and the version number of the artifact is the same as Selenium's.
]]></system-err>
  </testcase>
  <testcase name="User can login with valid credentials #1" classname="Swag Labs Valid Login" time="4.462">
    <system-out><![CDATA[
@swag_labs @smoke @login
Scenario Outline: User can login with valid credentials                  # src/test/resources/features/swag_labs_login.feature:16
Starting test: User can login with valid credentials
Browser: headless-chrome
  Given I am on the Swag Labs login page                                 # steps.LoginSteps.i_am_on_the_swag_labs_login_page()
  When I login with username "standard_user" and password "secret_sauce" # steps.LoginSteps.i_login_as_given_step(java.lang.String,java.lang.String)
  Then I should be redirected to the products page                       # steps.LoginSteps.i_should_be_redirected_to_the_products_page()
  And I should see the products page header "Products"                   # steps.LoginSteps.i_should_see_the_products_page_header(java.lang.String)
Test completed: User can login with valid credentials
Status: PASSED
]]></system-out>
    <system-err><![CDATA[Aug 30, 2025 4:42:06 AM org.openqa.selenium.devtools.CdpVersionFinder findNearestMatch
WARNING: Unable to find CDP implementation matching 139
Aug 30, 2025 4:42:06 AM org.openqa.selenium.chromium.ChromiumDriver lambda$new$5
WARNING: Unable to find version of CDP to use for 139.0.7258.138. You may need to include a dependency on a specific version of the CDP using something similar to `org.seleniumhq.selenium:selenium-devtools-v86:4.25.0` where the version ("v86") matches the version of the chromium-based browser you're using and the version number of the artifact is the same as Selenium's.
]]></system-err>
  </testcase>
  <testcase name="User can login with valid credentials #2" classname="Swag Labs Valid Login" time="4.522">
    <system-out><![CDATA[
@swag_labs @smoke @login
Scenario Outline: User can login with valid credentials                # src/test/resources/features/swag_labs_login.feature:17
Starting test: User can login with valid credentials
Browser: headless-chrome
  Given I am on the Swag Labs login page                               # steps.LoginSteps.i_am_on_the_swag_labs_login_page()
  When I login with username "visual_user" and password "secret_sauce" # steps.LoginSteps.i_login_as_given_step(java.lang.String,java.lang.String)
  Then I should be redirected to the products page                     # steps.LoginSteps.i_should_be_redirected_to_the_products_page()
  And I should see the products page header "Products"                 # steps.LoginSteps.i_should_see_the_products_page_header(java.lang.String)
Test completed: User can login with valid credentials
Status: PASSED
]]></system-out>
    <system-err><![CDATA[Aug 30, 2025 4:42:10 AM org.openqa.selenium.devtools.CdpVersionFinder findNearestMatch
WARNING: Unable to find CDP implementation matching 139
Aug 30, 2025 4:42:10 AM org.openqa.selenium.chromium.ChromiumDriver lambda$new$5
WARNING: Unable to find version of CDP to use for 139.0.7258.138. You may need to include a dependency on a specific version of the CDP using something similar to `org.seleniumhq.selenium:selenium-devtools-v86:4.25.0` where the version ("v86") matches the version of the chromium-based browser you're using and the version number of the artifact is the same as Selenium's.
]]></system-err>
  </testcase>
  <testcase name="User can view product details #1" classname="Swag Labs Product Test Flow" time="5.107">
    <system-out><![CDATA[
@swag_labs @product_details
Scenario Outline: User can view product details                           # src/test/resources/features/swag_labs_product.feature:21
Starting test: User can view product details
Browser: headless-chrome
  Given I am on the Swag Labs login page                                  # steps.LoginSteps.i_am_on_the_swag_labs_login_page()
  Given I login with username "standard_user" and password "secret_sauce" # steps.LoginSteps.i_login_as_given_step(java.lang.String,java.lang.String)
  And I am on the products page                                           # steps.ProductSteps.i_am_on_the_products_page()
  When I click on product "Sauce Labs Backpack"                           # steps.ProductSteps.i_click_on_product(java.lang.String)
  Then I should see the product details page                              # steps.ProductSteps.i_should_see_the_product_details_page()
  And I should see the product name "Sauce Labs Backpack"                 # steps.ProductSteps.i_should_see_the_product_name(java.lang.String)
  And I should see the product price "$29.99"                             # steps.ProductSteps.i_should_see_the_product_price(java.lang.String)
  When I add the product to cart from details page                        # steps.ProductSteps.i_add_the_product_to_cart_from_details_page()
  Then the cart badge should show "1" items                               # steps.ProductSteps.the_cart_badge_should_show_items(java.lang.String)
Test completed: User can view product details
Status: PASSED
]]></system-out>
    <system-err><![CDATA[Aug 30, 2025 4:42:15 AM org.openqa.selenium.devtools.CdpVersionFinder findNearestMatch
WARNING: Unable to find CDP implementation matching 139
Aug 30, 2025 4:42:15 AM org.openqa.selenium.chromium.ChromiumDriver lambda$new$5
WARNING: Unable to find version of CDP to use for 139.0.7258.138. You may need to include a dependency on a specific version of the CDP using something similar to `org.seleniumhq.selenium:selenium-devtools-v86:4.25.0` where the version ("v86") matches the version of the chromium-based browser you're using and the version number of the artifact is the same as Selenium's.
]]></system-err>
  </testcase>
  <testcase name="User can view product details #2" classname="Swag Labs Product Test Flow" time="8.476">
    <system-out><![CDATA[
@swag_labs @product_details
Scenario Outline: User can view product details                           # src/test/resources/features/swag_labs_product.feature:22
Starting test: User can view product details
Browser: headless-chrome
  Given I am on the Swag Labs login page                                  # steps.LoginSteps.i_am_on_the_swag_labs_login_page()
  Given I login with username "standard_user" and password "secret_sauce" # steps.LoginSteps.i_login_as_given_step(java.lang.String,java.lang.String)
  And I am on the products page                                           # steps.ProductSteps.i_am_on_the_products_page()
  When I click on product "Sauce Labs Bike Light"                         # steps.ProductSteps.i_click_on_product(java.lang.String)
  Then I should see the product details page                              # steps.ProductSteps.i_should_see_the_product_details_page()
  And I should see the product name "Sauce Labs Bike Light"               # steps.ProductSteps.i_should_see_the_product_name(java.lang.String)
  And I should see the product price "$9.99"                              # steps.ProductSteps.i_should_see_the_product_price(java.lang.String)
  When I add the product to cart from details page                        # steps.ProductSteps.i_add_the_product_to_cart_from_details_page()
  Then the cart badge should show "1" items                               # steps.ProductSteps.the_cart_badge_should_show_items(java.lang.String)
Test completed: User can view product details
Status: PASSED
]]></system-out>
    <system-err><![CDATA[Aug 30, 2025 4:42:23 AM org.openqa.selenium.devtools.CdpVersionFinder findNearestMatch
WARNING: Unable to find CDP implementation matching 139
Aug 30, 2025 4:42:23 AM org.openqa.selenium.chromium.ChromiumDriver lambda$new$5
WARNING: Unable to find version of CDP to use for 139.0.7258.138. You may need to include a dependency on a specific version of the CDP using something similar to `org.seleniumhq.selenium:selenium-devtools-v86:4.25.0` where the version ("v86") matches the version of the chromium-based browser you're using and the version number of the artifact is the same as Selenium's.
]]></system-err>
  </testcase>
  <testcase name="User can login with valid credentials" classname="Swag Labs End To End Test Flow" time="4.829">
    <system-out><![CDATA[
@swag_labs @e2e_flow @smoke @login
Scenario Outline: User can login with valid credentials                  # src/test/resources/features/swag_labs_shopping.feature:18
Starting test: User can login with valid credentials
Browser: headless-chrome
  Given I am on the Swag Labs login page                                 # steps.LoginSteps.i_am_on_the_swag_labs_login_page()
  When I login with username "standard_user" and password "secret_sauce" # steps.LoginSteps.i_login_as_given_step(java.lang.String,java.lang.String)
  Then I should be redirected to the products page                       # steps.LoginSteps.i_should_be_redirected_to_the_products_page()
  And I should see the products page header "Products"                   # steps.LoginSteps.i_should_see_the_products_page_header(java.lang.String)
Test completed: User can login with valid credentials
Status: PASSED
]]></system-out>
    <system-err><![CDATA[Aug 30, 2025 4:42:29 AM org.openqa.selenium.devtools.CdpVersionFinder findNearestMatch
WARNING: Unable to find CDP implementation matching 139
Aug 30, 2025 4:42:29 AM org.openqa.selenium.chromium.ChromiumDriver lambda$new$5
WARNING: Unable to find version of CDP to use for 139.0.7258.138. You may need to include a dependency on a specific version of the CDP using something similar to `org.seleniumhq.selenium:selenium-devtools-v86:4.25.0` where the version ("v86") matches the version of the chromium-based browser you're using and the version number of the artifact is the same as Selenium's.
]]></system-err>
  </testcase>
  <testcase name="Complete shopping flow - Add item to cart and checkout" classname="Swag Labs End To End Test Flow" time="5.656">
    <failure message="Cart page should be displayed" type="java.lang.AssertionError"><![CDATA[java.lang.AssertionError: Cart page should be displayed
	at org.junit.Assert.fail(Assert.java:89)
	at org.junit.Assert.assertTrue(Assert.java:42)
	at steps.CartSteps.i_should_see_item_in_the_cart(CartSteps.java:159)
	at ✽.I should see "Sauce Labs Backpack" in the cart(file:///Behaviour-Driven-UI-Test/src/test/resources/features/swag_labs_shopping.feature:28)
]]></failure>
    <system-out><![CDATA[
@swag_labs @e2e_flow @critical @shopping_flow
Scenario Outline: Complete shopping flow - Add item to cart and checkout  # src/test/resources/features/swag_labs_shopping.feature:44
Starting test: Complete shopping flow - Add item to cart and checkout
Browser: headless-chrome
  Given I am on the Swag Labs login page                                  # steps.LoginSteps.i_am_on_the_swag_labs_login_page()
  Given I login with username "standard_user" and password "secret_sauce" # steps.LoginSteps.i_login_as_given_step(java.lang.String,java.lang.String)
  And I am on the products page                                           # steps.ProductSteps.i_am_on_the_products_page()
  When I add "Sauce Labs Backpack" to cart                                # steps.ProductSteps.i_add_product_to_cart(java.lang.String)
  And I add "Sauce Labs Bike Light" to cart                               # steps.ProductSteps.i_add_product_to_cart(java.lang.String)
  Then the cart badge should show "2" items                               # steps.ProductSteps.the_cart_badge_should_show_items(java.lang.String)
  When I click on the shopping cart                                       # steps.CartSteps.i_click_on_the_shopping_cart()
  Then I should see "Sauce Labs Backpack" in the cart                     # steps.CartSteps.i_should_see_item_in_the_cart(java.lang.String)
      java.lang.AssertionError: Cart page should be displayed
	at org.junit.Assert.fail(Assert.java:89)
	at org.junit.Assert.assertTrue(Assert.java:42)
	at steps.CartSteps.i_should_see_item_in_the_cart(CartSteps.java:159)
	at ✽.I should see "Sauce Labs Backpack" in the cart(file:///Behaviour-Driven-UI-Test/src/test/resources/features/swag_labs_shopping.feature:28)

  And I should see "Sauce Labs Bike Light" in the cart                    # steps.CartSteps.i_should_see_item_in_the_cart(java.lang.String)
  When I proceed to checkout                                              # steps.CartSteps.i_proceed_to_checkout()
  And I fill in checkout information with valid dta:
    | firstName | lastName | postalCode |
    | Emmanuel  | Arhu     | 0242       |
  And I continue to checkout overview                                     # steps.CheckoutSteps.i_continue_to_checkout_overview()
  Then I should see the checkout overview page                            # steps.CheckoutSteps.i_should_see_the_checkout_overview_page()
  And I should see "Sauce Labs Backpack" in the order summary             # steps.CheckoutSteps.i_should_see_item_in_the_order_summary(java.lang.String)
  And I should see "Sauce Labs Bike Light" in the order summary           # steps.CheckoutSteps.i_should_see_item_in_the_order_summary(java.lang.String)
  When I finish the order                                                 # steps.CheckoutSteps.i_finish_the_order()
  Then I should see the order confirmation page                           # steps.CheckoutSteps.i_should_see_the_order_confirmation_page()
  And I should see "Thank you for your order!" message                    # steps.CheckoutSteps.i_should_see_message(java.lang.String)

    Embedding Screenshot [image/png 295218 bytes]

Test completed: Complete shopping flow - Add item to cart and checkout
Status: FAILED
]]></system-out>
    <system-err><![CDATA[Aug 30, 2025 4:42:33 AM org.openqa.selenium.devtools.CdpVersionFinder findNearestMatch
WARNING: Unable to find CDP implementation matching 139
Aug 30, 2025 4:42:33 AM org.openqa.selenium.chromium.ChromiumDriver lambda$new$5
WARNING: Unable to find version of CDP to use for 139.0.7258.138. You may need to include a dependency on a specific version of the CDP using something similar to `org.seleniumhq.selenium:selenium-devtools-v86:4.25.0` where the version ("v86") matches the version of the chromium-based browser you're using and the version number of the artifact is the same as Selenium's.
]]></system-err>
  </testcase>
  <testcase name="User cannot login with invalid credentials" classname="Swag Labs End To End Test Flow" time="15.957">
    <failure message="Should be redirected to products page after login" type="java.lang.AssertionError"><![CDATA[java.lang.AssertionError: Should be redirected to products page after login
	at org.junit.Assert.fail(Assert.java:89)
	at org.junit.Assert.assertTrue(Assert.java:42)
	at steps.LoginSteps.i_login_as_given_step(LoginSteps.java:29)
	at ✽.I login with username "invalid_user" and password "wrong_password"(file:///Behaviour-Driven-UI-Test/src/test/resources/features/swag_labs_shopping.feature:48)
]]></failure>
    <system-out><![CDATA[
@swag_labs @e2e_flow @negative @login
Scenario Outline: User cannot login with invalid credentials                                                     # src/test/resources/features/swag_labs_shopping.feature:54
Starting test: User cannot login with invalid credentials
Browser: headless-chrome
  Given I am on the Swag Labs login page                                                                         # steps.LoginSteps.i_am_on_the_swag_labs_login_page()
  When I login with username "invalid_user" and password "wrong_password"                                        # steps.LoginSteps.i_login_as_given_step(java.lang.String,java.lang.String)
      java.lang.AssertionError: Should be redirected to products page after login
	at org.junit.Assert.fail(Assert.java:89)
	at org.junit.Assert.assertTrue(Assert.java:42)
	at steps.LoginSteps.i_login_as_given_step(LoginSteps.java:29)
	at ✽.I login with username "invalid_user" and password "wrong_password"(file:///Behaviour-Driven-UI-Test/src/test/resources/features/swag_labs_shopping.feature:48)

  Then I should see an error message "Epic sadface: Username and password do not match any user in this service" # steps.LoginSteps.i_should_see_an_error_message(java.lang.String)
  And I should remain on the login page                                                                          # steps.LoginSteps.i_should_remain_on_the_login_page()

    Embedding Screenshot [image/png 38939 bytes]

Test completed: User cannot login with invalid credentials
Status: FAILED
]]></system-out>
    <system-err><![CDATA[Aug 30, 2025 4:42:39 AM org.openqa.selenium.devtools.CdpVersionFinder findNearestMatch
WARNING: Unable to find CDP implementation matching 139
Aug 30, 2025 4:42:39 AM org.openqa.selenium.chromium.ChromiumDriver lambda$new$5
WARNING: Unable to find version of CDP to use for 139.0.7258.138. You may need to include a dependency on a specific version of the CDP using something similar to `org.seleniumhq.selenium:selenium-devtools-v86:4.25.0` where the version ("v86") matches the version of the chromium-based browser you're using and the version number of the artifact is the same as Selenium's.
]]></system-err>
  </testcase>
  <testcase name="User can remove items from cart" classname="Swag Labs End To End Test Flow" time="7.813">
    <failure message="Cart should be empty" type="java.lang.AssertionError"><![CDATA[java.lang.AssertionError: Cart should be empty
	at org.junit.Assert.fail(Assert.java:89)
	at org.junit.Assert.assertTrue(Assert.java:42)
	at steps.CartSteps.the_cart_should_be_empty(CartSteps.java:59)
	at ✽.the cart should be empty(file:///Behaviour-Driven-UI-Test/src/test/resources/features/swag_labs_shopping.feature:64)
]]></failure>
    <system-out><![CDATA[
@swag_labs @e2e_flow @cart_operations
Scenario Outline: User can remove items from cart                         # src/test/resources/features/swag_labs_shopping.feature:69
Starting test: User can remove items from cart
Browser: headless-chrome
  Given I am on the Swag Labs login page                                  # steps.LoginSteps.i_am_on_the_swag_labs_login_page()
  Given I login with username "standard_user" and password "secret_sauce" # steps.LoginSteps.i_login_as_given_step(java.lang.String,java.lang.String)
  And I am on the products page                                           # steps.ProductSteps.i_am_on_the_products_page()
  When I add "Sauce Labs Backpack" to cart                                # steps.ProductSteps.i_add_product_to_cart(java.lang.String)
  And I click on the shopping cart                                        # steps.CartSteps.i_click_on_the_shopping_cart()
  Then I should see "Sauce Labs Backpack" in the cart                     # steps.CartSteps.i_should_see_item_in_the_cart(java.lang.String)
  When I remove "Sauce Labs Backpack" from cart                           # steps.CartSteps.i_remove_item_from_cart(java.lang.String)
  Then the cart should be empty                                           # steps.CartSteps.the_cart_should_be_empty()
      java.lang.AssertionError: Cart should be empty
	at org.junit.Assert.fail(Assert.java:89)
	at org.junit.Assert.assertTrue(Assert.java:42)
	at steps.CartSteps.the_cart_should_be_empty(CartSteps.java:59)
	at ✽.the cart should be empty(file:///Behaviour-Driven-UI-Test/src/test/resources/features/swag_labs_shopping.feature:64)

  And the cart badge should not be visible                                # steps.ProductSteps.the_cart_badge_should_not_be_visible()

    Embedding Screenshot [image/png 43745 bytes]

Test completed: User can remove items from cart
Status: FAILED
]]></system-out>
    <system-err><![CDATA[Aug 30, 2025 4:42:57 AM org.openqa.selenium.devtools.CdpVersionFinder findNearestMatch
WARNING: Unable to find CDP implementation matching 139
Aug 30, 2025 4:42:57 AM org.openqa.selenium.chromium.ChromiumDriver lambda$new$5
WARNING: Unable to find version of CDP to use for 139.0.7258.138. You may need to include a dependency on a specific version of the CDP using something similar to `org.seleniumhq.selenium:selenium-devtools-v86:4.25.0` where the version ("v86") matches the version of the chromium-based browser you're using and the version number of the artifact is the same as Selenium's.
]]></system-err>
  </testcase>
  <testcase name="User can view product details" classname="Swag Labs End To End Test Flow" time="15.616">
    <failure message="Cart badge should show correct count expected:&lt;[1]&gt; but was:&lt;[0]&gt;" type="org.junit.ComparisonFailure"><![CDATA[org.junit.ComparisonFailure: Cart badge should show correct count expected:<[1]> but was:<[0]>
	at org.junit.Assert.assertEquals(Assert.java:117)
	at steps.ProductSteps.the_cart_badge_should_show_items(ProductSteps.java:41)
	at ✽.the cart badge should show "1" items(file:///Behaviour-Driven-UI-Test/src/test/resources/features/swag_labs_shopping.feature:80)
]]></failure>
    <system-out><![CDATA[
@swag_labs @e2e_flow @product_details
Scenario Outline: User can view product details                           # src/test/resources/features/swag_labs_shopping.feature:84
Starting test: User can view product details
Browser: headless-chrome
  Given I am on the Swag Labs login page                                  # steps.LoginSteps.i_am_on_the_swag_labs_login_page()
  Given I login with username "standard_user" and password "secret_sauce" # steps.LoginSteps.i_login_as_given_step(java.lang.String,java.lang.String)
  And I am on the products page                                           # steps.ProductSteps.i_am_on_the_products_page()
  When I click on product "Sauce Labs Backpack"                           # steps.ProductSteps.i_click_on_product(java.lang.String)
  Then I should see the product details page                              # steps.ProductSteps.i_should_see_the_product_details_page()
  And I should see the product name "Sauce Labs Backpack"                 # steps.ProductSteps.i_should_see_the_product_name(java.lang.String)
  And I should see the product price "$29.99"                             # steps.ProductSteps.i_should_see_the_product_price(java.lang.String)
  When I add the product to cart from details page                        # steps.ProductSteps.i_add_the_product_to_cart_from_details_page()
  Then the cart badge should show "1" items                               # steps.ProductSteps.the_cart_badge_should_show_items(java.lang.String)
      org.junit.ComparisonFailure: Cart badge should show correct count expected:<[1]> but was:<[0]>
	at org.junit.Assert.assertEquals(Assert.java:117)
	at steps.ProductSteps.the_cart_badge_should_show_items(ProductSteps.java:41)
	at ✽.the cart badge should show "1" items(file:///Behaviour-Driven-UI-Test/src/test/resources/features/swag_labs_shopping.feature:80)


    Embedding Screenshot [image/png 297300 bytes]

Test completed: User can view product details
Status: FAILED
]]></system-out>
    <system-err><![CDATA[Aug 30, 2025 4:43:03 AM org.openqa.selenium.devtools.CdpVersionFinder findNearestMatch
WARNING: Unable to find CDP implementation matching 139
Aug 30, 2025 4:43:03 AM org.openqa.selenium.chromium.ChromiumDriver lambda$new$5
WARNING: Unable to find version of CDP to use for 139.0.7258.138. You may need to include a dependency on a specific version of the CDP using something similar to `org.seleniumhq.selenium:selenium-devtools-v86:4.25.0` where the version ("v86") matches the version of the chromium-based browser you're using and the version number of the artifact is the same as Selenium's.
]]></system-err>
  </testcase>
</testsuite>